DiagnosticsPlugin.exe Information: 0 : [18-05-2016 11:45:16] Starting DiagnosticPlugin.exe DiagnosticPlugin-ShutdownEvent DiagnosticPlugin-TotalShutdownEvent -wadVer1v5
DiagnosticsPlugin.exe Error: 0 : [18-05-2016 11:45:16] Failed to save IIS Directory state
DiagnosticsPlugin.exe Error: 0 : [18-05-2016 11:45:16] System.UnauthorizedAccessException: Filnavn: redirection.config
Fejl: Konfigurationsfilen blev ikke læst, da der ikke var tilstrækkelige rettigheder


   ved Microsoft.Web.Administration.Interop.IAppHostAdminManager.GetAdminSection(String bstrSectionName, String bstrPath)
   ved Microsoft.Web.Administration.Configuration.GetSectionInternal(ConfigurationSection section, String sectionPath, String locationPath)
   ved Microsoft.Web.Administration.ServerManager.SitesSectionCreator()
   ved Microsoft.Web.Administration.Lazy.Initialize[T](T& target, CreateInstanceDelegate`1 valueFactory)
   ved Microsoft.Web.Administration.ServerManager.SitesCollectionCreator()
   ved Microsoft.Web.Administration.Lazy.Initialize[T](T& target, CreateInstanceDelegate`1 valueFactory)
   ved Microsoft.Azure.Plugins.Plugin.DiagnosticsPluginManager.SaveIISDirectoryState()
DiagnosticsPlugin.exe Information: 0 : [18-05-2016 11:45:16] Starting DiagnosticsPlugin
DiagnosticsPlugin.exe Information: 0 : [18-05-2016 11:45:16] Emulator config file set to C:\Users\bas28\Source\Repos\SchoolExamProject2016\ProjectAPIConnenction\ProjectAPIConnenction\csx\Debug\roles\WCFServiceWebRole1\approot\diagnostics.wadcfgx
DiagnosticsPlugin.exe Information: 0 : [18-05-2016 11:45:16] DiagnosticsStoreRootPath set to: C:\Users\bas28\AppData\Local\dftmp\Resources\3e427a49-485e-47c1-ad20-ee68e5d85218
DiagnosticsPlugin.exe Information: 0 : [18-05-2016 11:45:16] Loading config file: C:\Users\bas28\Source\Repos\SchoolExamProject2016\ProjectAPIConnenction\ProjectAPIConnenction\csx\Debug\roles\WCFServiceWebRole1\approot\diagnostics.wadcfgx
DiagnosticsPlugin.exe Information: 0 : [18-05-2016 11:45:16] Config file to read: C:\Users\bas28\Source\Repos\SchoolExamProject2016\ProjectAPIConnenction\ProjectAPIConnenction\csx\Debug\roles\WCFServiceWebRole1\approot\diagnostics.wadcfgx
DiagnosticsPlugin.exe Information: 0 : [18-05-2016 11:45:16] Checking VM Type
DiagnosticsPlugin.exe Information: 0 : [18-05-2016 11:45:16] Emulator config file set to C:\Users\bas28\Source\Repos\SchoolExamProject2016\ProjectAPIConnenction\ProjectAPIConnenction\csx\Debug\roles\WCFServiceWebRole1\approot\diagnostics.wadcfgx
DiagnosticsPlugin.exe Information: 0 : [18-05-2016 11:45:16] Extension set to Emulator Mode
DiagnosticsPlugin.exe Information: 0 : [18-05-2016 11:45:16] Reading XML configuration file
DiagnosticsPlugin.exe Information: 0 : [18-05-2016 11:45:16] Bypassing private config decryption
DiagnosticsPlugin.exe Information: 0 : [18-05-2016 11:45:16] WadCfg is provided in initial configuration. Using that to initialize Diagnostics.
DiagnosticsPlugin.exe Information: 0 : [18-05-2016 11:45:16] <PublicConfig xmlns="http://schemas.microsoft.com/ServiceHosting/2010/10/DiagnosticsConfiguration">
  <WadCfg>
    <DiagnosticMonitorConfiguration overallQuotaInMB="4096">
      <DiagnosticInfrastructureLogs scheduledTransferLogLevelFilter="Error" />
      <Logs scheduledTransferPeriod="PT1M" scheduledTransferLogLevelFilter="Error" />
      <Directories scheduledTransferPeriod="PT1M">
        <IISLogs containerName="wad-iis-logfiles" />
        <FailedRequestLogs containerName="wad-failedrequestlogs" />
      </Directories>
      <WindowsEventLog scheduledTransferPeriod="PT1M">
        <DataSource name="Application!*[System[(Level=1 or Level=2 or Level=3)]]" />
        <DataSource name="Windows Azure!*[System[(Level=1 or Level=2 or Level=3 or Level=4)]]" />
      </WindowsEventLog>
      <CrashDumps containerName="wad-crashdumps" dumpType="Mini">
        <CrashDumpConfiguration processName="WaIISHost.exe" />
        <CrashDumpConfiguration processName="WaWorkerHost.exe" />
        <CrashDumpConfiguration processName="w3wp.exe" />
      </CrashDumps>
      <PerformanceCounters scheduledTransferPeriod="PT1M">
        <PerformanceCounterConfiguration counterSpecifier="\Memory\Available MBytes" sampleRate="PT3M" />
        <PerformanceCounterConfiguration counterSpecifier="\Web Service(_Total)\ISAPI Extension Requests/sec" sampleRate="PT3M" />
        <PerformanceCounterConfiguration counterSpecifier="\Web Service(_Total)\Bytes Total/Sec" sampleRate="PT3M" />
        <PerformanceCounterConfiguration counterSpecifier="\ASP.NET Applications(__Total__)\Requests/Sec" sampleRate="PT3M" />
        <PerformanceCounterConfiguration counterSpecifier="\ASP.NET Applications(__Total__)\Errors Total/Sec" sampleRate="PT3M" />
        <PerformanceCounterConfiguration counterSpecifier="\ASP.NET\Requests Queued" sampleRate="PT3M" />
        <PerformanceCounterConfiguration counterSpecifier="\ASP.NET\Requests Rejected" sampleRate="PT3M" />
        <PerformanceCounterConfiguration counterSpecifier="\Processor(_Total)\% Processor Time" sampleRate="PT3M" />
      </PerformanceCounters>
    </DiagnosticMonitorConfiguration>
  </WadCfg>
  <StorageAccount>devstoreaccount1</StorageAccount>
</PublicConfig>
DiagnosticsPlugin.exe Information: 0 : [18-05-2016 11:45:16] Private setting is loaded
DiagnosticsPlugin.exe Information: 0 : [18-05-2016 11:45:16] Is config json/xml loaded
DiagnosticsPlugin.exe Information: 0 : [18-05-2016 11:45:17] Successfully created checkpoint file C:\Users\bas28\AppData\Local\dftmp\Resources\3e427a49-485e-47c1-ad20-ee68e5d85218\WAD0105\Configuration\Checkpoint.txt
DiagnosticsPlugin.exe Information: 0 : [18-05-2016 11:45:17] Will use local resource directory C:\Users\bas28\AppData\Local\dftmp\Resources\3e427a49-485e-47c1-ad20-ee68e5d85218\WAD0105
DiagnosticsPlugin.exe Information: 0 : [18-05-2016 11:45:17] Will use endpoint https://core.windows.net for storage.
DiagnosticsPlugin.exe Information: 0 : [18-05-2016 11:45:18] Exception in creating the ServerManager; is IIS installed?
 Error:System.UnauthorizedAccessException: Filnavn: redirection.config
Fejl: Konfigurationsfilen blev ikke læst, da der ikke var tilstrækkelige rettigheder


   ved Microsoft.Web.Administration.Interop.IAppHostAdminManager.GetAdminSection(String bstrSectionName, String bstrPath)
   ved Microsoft.Web.Administration.Configuration.GetSectionInternal(ConfigurationSection section, String sectionPath, String locationPath)
   ved Microsoft.Web.Administration.ServerManager.SitesSectionCreator()
   ved Microsoft.Web.Administration.Lazy.Initialize[T](T& target, CreateInstanceDelegate`1 valueFactory)
   ved Microsoft.Web.Administration.ServerManager.SitesCollectionCreator()
   ved Microsoft.Web.Administration.Lazy.Initialize[T](T& target, CreateInstanceDelegate`1 valueFactory)
   ved Microsoft.Azure.Plugins.Plugin.WadConfigProcessor.AddDirectories(EventsType mdsEvents, Directories wadDirectories)
DiagnosticsPlugin.exe Information: 0 : [18-05-2016 11:45:18] Running in emulator mode, crash dumps not enabled
DiagnosticsPlugin.exe Information: 0 : [18-05-2016 11:45:18] Checking to see if Application Insights extension needs to be configured.
DiagnosticsPlugin.exe Information: 0 : [18-05-2016 11:45:18] In emulator mode and using devstore updating XStoreAccount info, command line args: -LocalPath "C:\Users\bas28\AppData\Local\dftmp\Resources\3e427a49-485e-47c1-ad20-ee68e5d85218\WAD0105"  -ConfigFile "C:\Users\bas28\AppData\Local\dftmp\Resources\3e427a49-485e-47c1-ad20-ee68e5d85218\WAD0105\Configuration\MaConfig.xml" -ShutDownEvent WADDM-ShutDown-b7c2368362134c10ad0160d2935f46d3  -TotalShutDownEvent WADDM-TotalShutDown-b7c2368362134c10ad0160d2935f46d3 -InitializedEvent WADM-StartUp-b7c2368362134c10ad0160d2935f46d3 -parent 17296 -events -wadVer1v5 -UseProxyServer -XStoreAccounts WadAccount#true#devstoreaccount1#Eby8vdM02xNOcqFlqUwJPLlmEtlCDXJ1OUzFT50uSRZ6IFsuFq2UVErCz4I6tq/K1SZFPTOtr/KBHBeksoGMGw==#http://127.0.0.1:10002#http://127.0.0.1:10001#http://127.0.0.1:10000
DiagnosticsPlugin.exe Information: 0 : [18-05-2016 11:46:18] MonAgentHost.exe started
DiagnosticsPlugin.exe Information: 0 : [18-05-2016 11:46:18] DiagnoticsPlugin started.
DiagnosticsPlugin.exe Information: 0 : [18-05-2016 11:46:18] DiagnoticsPlugin now waiting on events "DiagnosticPlugin-ShutdownEvent", "DiagnosticPlugin-TotalShutdownEvent" or "DiagnosticPlugin-RestartEvent".
